<?xml version="1.0" encoding="UTF-8"?>
<testng-results ignored="0" total="1" passed="1" failed="0" skipped="0">
  <reporter-output>
  </reporter-output>
  <suite started-at="2024-01-16T12:38:12 IST" name="Default suite" finished-at="2024-01-16T12:38:25 IST" duration-ms="13021">
    <groups>
      <group name="cucumber">
        <method signature="AbstractTestNGCucumberTests.runScenario(io.cucumber.testng.PickleWrapper,io.cucumber.testng.FeatureWrapper)[pri:0, instance:TestRunner.RunTest@2e6a8155]" name="runScenario" class="io.cucumber.testng.AbstractTestNGCucumberTests"/>
      </group> <!-- cucumber -->
    </groups>
    <test started-at="2024-01-16T12:38:12 IST" name="Default test" finished-at="2024-01-16T12:38:25 IST" duration-ms="13021">
      <class name="TestRunner.RunTest">
        <test-method is-config="true" signature="setUpClass(org.testng.ITestContext)[pri:0, instance:TestRunner.RunTest@2e6a8155]" started-at="2024-01-16T12:38:12 IST" name="setUpClass" finished-at="2024-01-16T12:38:13 IST" duration-ms="567" status="PASS">
          <params>
            <param index="0">
              <value>
                <![CDATA[org.testng.TestRunner@2015b2cd]]>
              </value>
            </param>
          </params>
          <reporter-output>
          </reporter-output>
        </test-method> <!-- setUpClass -->
        <test-method signature="runScenario(io.cucumber.testng.PickleWrapper,io.cucumber.testng.FeatureWrapper)[pri:0, instance:TestRunner.RunTest@2e6a8155]" started-at="2024-01-16T12:38:13 IST" name="runScenario" description="Runs Cucumber Scenarios" data-provider="scenarios" finished-at="2024-01-16T12:38:25 IST" duration-ms="12336" status="PASS">
          <params>
            <param index="0">
              <value>
                <![CDATA["Login Functionality"]]>
              </value>
            </param>
            <param index="1">
              <value>
                <![CDATA["Swag Labs Login Application"]]>
              </value>
            </param>
          </params>
          <reporter-output>
          </reporter-output>
        </test-method> <!-- runScenario -->
        <test-method is-config="true" signature="tearDownClass()[pri:0, instance:TestRunner.RunTest@2e6a8155]" started-at="2024-01-16T12:38:25 IST" name="tearDownClass" finished-at="2024-01-16T12:38:25 IST" duration-ms="16" status="PASS">
          <reporter-output>
          </reporter-output>
        </test-method> <!-- tearDownClass -->
      </class> <!-- TestRunner.RunTest -->
    </test> <!-- Default test -->
  </suite> <!-- Default suite -->
</testng-results>
